<?xml version="1.0" encoding="UTF-8"?>
<!-- Generated by org.testng.reporters.JUnitReportReporter -->
<testsuite hostname="TABLET-035DO2R9" failures="0" tests="1" name="com.tests.TestDemo" time="10.565" errors="0" timestamp="2023-12-30T12:47:16 GMT-06:00" skipped="0">
  <testcase classname="com.tests.TestDemo" name="googleTest" time="10.565"/>
</testsuite> <!-- com.tests.TestDemo -->
